<?xml version="1.0" encoding="UTF-8"?>
<!-- Generated by org.testng.reporters.JUnitReportReporter -->
<testsuite hostname="SAURAVTIWARI" failures="0" tests="1" name="Com.tests.GATest" time="18.370" errors="0" timestamp="23 May 2025 10:57:28 GMT" skipped="0">
  <testcase classname="Com.tests.GATest" name="GATest" time="18.370"/>
</testsuite> <!-- Com.tests.GATest -->
