<?xml version="1.0" encoding="UTF-8"?>
<!-- Generated by org.testng.reporters.JUnitReportReporter -->
<testsuite hostname="NIKHIL-5CD1351ZS7" failures="0" tests="1" name="Com.tests.GATest" time="16.115" errors="0" timestamp="2025-05-12T14:52:44 IST" skipped="0">
  <testcase classname="Com.tests.GATest" name="test" time="16.115"/>
</testsuite> <!-- Com.tests.GATest -->
