<?xml version="1.0" encoding="UTF-8"?>
<!-- Generated by org.testng.reporters.JUnitReportReporter -->
<testsuite hostname="NIKHIL-5CD1351ZS7" failures="0" tests="1" name="Com.tests.SeoTest" time="22.307" errors="0" timestamp="2025-05-23T11:41:06 IST" skipped="0">
  <testcase classname="Com.tests.SeoTest" name="seoTest" time="22.307"/>
</testsuite> <!-- Com.tests.SeoTest -->
