<?xml version="1.0" encoding="UTF-8"?>
<!-- Generated by org.testng.reporters.JUnitReportReporter -->
<testsuite hostname="NIKHIL-5CD1351ZS7" failures="0" tests="1" name="utils.VerifyingTags" time="0.000" errors="0" timestamp="2025-05-12T11:03:44 IST" skipped="1">
  <testcase classname="utils.VerifyingTags" name="testZeeNews" time="0.000">
    <skipped/>
  </testcase> <!-- testZeeNews -->
</testsuite> <!-- utils.VerifyingTags -->
