<?xml version="1.0" encoding="UTF-8"?>
<!-- Generated by org.testng.reporters.JUnitReportReporter -->
<testsuite hostname="SAURAVTIWARI" failures="0" tests="1" name="Com.tests.GAComScoreTest" time="48.863" errors="0" timestamp="23 May 2025 12:27:49 GMT" skipped="0">
  <testcase classname="Com.tests.GAComScoreTest" name="GATest" time="48.863"/>
</testsuite> <!-- Com.tests.GAComScoreTest -->
