<?xml version="1.0" encoding="UTF-8"?>
<!-- Generated by org.testng.reporters.JUnitReportReporter -->
<testsuite hostname="NIKHIL-5CD1351ZS7" failures="0" tests="1" name="Com.tests.SeoTest" time="23.110" errors="0" timestamp="2025-05-13T09:28:35 IST" skipped="0">
  <testcase classname="Com.tests.SeoTest" name="seoTest" time="23.110"/>
</testsuite> <!-- Com.tests.SeoTest -->
