<?xml version="1.0" encoding="UTF-8"?>
<!-- Generated by org.testng.reporters.JUnitReportReporter -->
<testsuite hostname="SAURAVTIWARI" failures="0" tests="1" name="Com.tests.SeoTest" time="46.994" errors="0" timestamp="27 May 2025 01:45:39 GMT" skipped="0">
  <testcase classname="Com.tests.SeoTest" name="seoTest" time="46.994"/>
</testsuite> <!-- Com.tests.SeoTest -->
