<?xml version="1.0" encoding="UTF-8"?>
<!-- Generated by org.testng.reporters.JUnitReportReporter -->
<testsuite hostname="SAURAVTIWARI" failures="0" tests="1" name="Com.tests.Broken_Link" time="74.954" errors="0" timestamp="26 May 2025 08:36:07 GMT" skipped="0">
  <testcase classname="Com.tests.Broken_Link" name="checkBrokenLinksZeeNews" time="74.954"/>
</testsuite> <!-- Com.tests.Broken_Link -->
