<?xml version="1.0" encoding="UTF-8"?>
<!-- Generated by org.testng.reporters.JUnitReportReporter -->
<testsuite hostname="P2ELT33" failures="0" tests="1" name="utlis.VerifyingTags" time="21.765" errors="0" timestamp="18 Nov 2024 05:55:30 GMT" skipped="0">
  <testcase classname="utlis.VerifyingTags" name="wion" time="21.765"/>
</testsuite> <!-- utlis.VerifyingTags -->
