<?xml version="1.0" encoding="UTF-8"?>
<!-- Generated by org.testng.reporters.JUnitReportReporter -->
<testsuite hostname="P2ELT33" failures="0" tests="1" name="utils.VerifyingTags" time="5.777" errors="0" timestamp="12 Feb 2025 10:19:11 GMT" skipped="0">
  <testcase classname="utils.VerifyingTags" name="testZeeNews" time="5.777"/>
</testsuite> <!-- utils.VerifyingTags -->
