<?xml version="1.0" encoding="UTF-8"?>
<!-- Generated by org.testng.reporters.JUnitReportReporter -->
<testsuite hostname="P2ELT33" failures="0" tests="1" name="utils.BrokenLink" time="67.131" errors="0" timestamp="28 Apr 2025 06:29:26 GMT" skipped="0">
  <testcase classname="utils.BrokenLink" name="checkBrokenLinksZeeNews" time="67.131"/>
</testsuite> <!-- utils.BrokenLink -->
