<?xml version="1.0" encoding="UTF-8"?>
<!-- Generated by org.testng.reporters.JUnitReportReporter -->
<testsuite hostname="NIKHIL-5CD1351ZS7" failures="0" tests="1" name="Com.tests.GATest" time="23.628" errors="0" timestamp="2025-05-15T11:37:18 IST" skipped="0">
  <testcase classname="Com.tests.GATest" name="GATest" time="23.628"/>
</testsuite> <!-- Com.tests.GATest -->
