<?xml version="1.0" encoding="UTF-8"?>
<!-- Generated by org.testng.reporters.JUnitReportReporter -->
<testsuite hostname="SAURAVTIWARI" failures="0" tests="1" name="Com.tests.SeoTest" time="30.679" errors="0" timestamp="26 May 2025 09:20:13 GMT" skipped="0">
  <testcase classname="Com.tests.SeoTest" name="seoTest" time="30.679"/>
</testsuite> <!-- Com.tests.SeoTest -->
