<?xml version="1.0" encoding="UTF-8"?>
<!-- Generated by org.testng.reporters.JUnitReportReporter -->
<testsuite hostname="NIKHIL-5CD1351ZS7" failures="0" tests="1" name="Com.tests.GAComScoreTest" time="114.012" errors="0" timestamp="2025-05-23T14:13:26 IST" skipped="0">
  <testcase classname="Com.tests.GAComScoreTest" name="GATest" time="114.012"/>
</testsuite> <!-- Com.tests.GAComScoreTest -->
