<?xml version="1.0" encoding="UTF-8"?>
<!-- Generated by org.testng.reporters.JUnitReportReporter -->
<testsuite hostname="SAURAVTIWARI" failures="0" tests="1" name="Com.tests.SeoTest" time="24.426" errors="0" timestamp="23 May 2025 00:13:58 GMT" skipped="0">
  <testcase classname="Com.tests.SeoTest" name="seoTest" time="24.426"/>
</testsuite> <!-- Com.tests.SeoTest -->
