<?xml version="1.0" encoding="UTF-8"?>
<!-- Generated by org.testng.reporters.JUnitReportReporter -->
<testsuite hostname="SAURAVTIWARI" failures="0" tests="1" name="Com.tests.GAComScoreTest" time="27.514" errors="0" timestamp="26 May 2025 08:09:09 GMT" skipped="0">
  <testcase classname="Com.tests.GAComScoreTest" name="GATest" time="27.514"/>
</testsuite> <!-- Com.tests.GAComScoreTest -->
