<?xml version="1.0" encoding="UTF-8"?>
<!-- Generated by org.testng.reporters.JUnitReportReporter -->
<testsuite hostname="SAURAVTIWARI" failures="0" tests="1" name="zee.BrokenLink" time="207.607" errors="0" timestamp="19 May 2025 10:56:41 GMT" skipped="0">
  <testcase classname="zee.BrokenLink" name="checkBrokenLinksWionNews" time="207.607"/>
</testsuite> <!-- zee.BrokenLink -->
